# JRE version: OpenJDK Runtime Environment JBR-11.0.13.7-1751.19-jcef (11.0.13+7) (build 11.0.13+7-b1751.19)
# Java VM: OpenJDK 64-Bit Server VM JBR-11.0.13.7-1751.19-jcef (11.0.13+7-b1751.19, mixed mode, tiered, compressed oops, g1 gc, linux-amd64)
Heap:
 garbage-first heap   total 276480K, used 255472K [0x00000000d1200000, 0x0000000100000000)
  region size 1024K, 12 young (12288K), 2 survivors (2048K)
 Metaspace       used 254467K, capacity 263583K, committed 264508K, reserved 1280000K
  class space    used 30720K, capacity 34181K, committed 34400K, reserved 1048576K
GC Heap History (20 events):
Event: 31.430 GC heap before
{Heap before GC invocations=93 (full 0):
 garbage-first heap   total 276480K, used 256769K [0x00000000d1200000, 0x0000000100000000)
  region size 1024K, 13 young (13312K), 2 survivors (2048K)
 Metaspace       used 254511K, capacity 263665K, committed 264508K, reserved 1280000K
  class space    used 30733K, capacity 34205K, committed 34400K, reserved 1048576K
}
Event: 31.435 GC heap after
{Heap after GC invocations=94 (full 0):
 garbage-first heap   total 276480K, used 246021K [0x00000000d1200000, 0x0000000100000000)
  region size 1024K, 2 young (2048K), 2 survivors (2048K)
 Metaspace       used 254511K, capacity 263665K, committed 264508K, reserved 1280000K
  class space    used 30733K, capacity 34205K, committed 34400K, reserved 1048576K
}
Event: 31.542 GC heap before
{Heap before GC invocations=94 (full 0):
 garbage-first heap   total 276480K, used 257285K [0x00000000d1200000, 0x0000000100000000)
  region size 1024K, 13 young (13312K), 2 survivors (2048K)
 Metaspace       used 254512K, capacity 263665K, committed 264508K, reserved 1280000K
  class space    used 30733K, capacity 34205K, committed 34400K, reserved 1048576K
}
Event: 31.547 GC heap after
{Heap after GC invocations=95 (full 0):
 garbage-first heap   total 276480K, used 246362K [0x00000000d1200000, 0x0000000100000000)
  region size 1024K, 2 young (2048K), 2 survivors (2048K)
 Metaspace       used 254512K, capacity 263665K, committed 264508K, reserved 1280000K
  class space    used 30733K, capacity 34205K, committed 34400K, reserved 1048576K
}
Event: 31.645 GC heap before
{Heap before GC invocations=95 (full 0):
 garbage-first heap   total 276480K, used 257626K [0x00000000d1200000, 0x0000000100000000)
  region size 1024K, 13 young (13312K), 2 survivors (2048K)
 Metaspace       used 254513K, capacity 263665K, committed 264508K, reserved 1280000K
  class space    used 30733K, capacity 34205K, committed 34400K, reserved 1048576K
}
Event: 31.650 GC heap after
{Heap after GC invocations=96 (full 0):
 garbage-first heap   total 276480K, used 246672K [0x00000000d1200000, 0x0000000100000000)
  region size 1024K, 2 young (2048K), 2 survivors (2048K)
 Metaspace       used 254513K, capacity 263665K, committed 264508K, reserved 1280000K
  class space    used 30733K, capacity 34205K, committed 34400K, reserved 1048576K
}
Event: 31.837 GC heap before
{Heap before GC invocations=96 (full 0):
 garbage-first heap   total 276480K, used 257936K [0x00000000d1200000, 0x0000000100000000)
  region size 1024K, 13 young (13312K), 2 survivors (2048K)
 Metaspace       used 254461K, capacity 263582K, committed 264508K, reserved 1280000K
  class space    used 30720K, capacity 34181K, committed 34400K, reserved 1048576K
}
Event: 31.843 GC heap after
{Heap after GC invocations=97 (full 0):
 garbage-first heap   total 276480K, used 247120K [0x00000000d1200000, 0x0000000100000000)
  region size 1024K, 2 young (2048K), 2 survivors (2048K)
 Metaspace       used 254461K, capacity 263582K, committed 264508K, reserved 1280000K
  class space    used 30720K, capacity 34181K, committed 34400K, reserved 1048576K
}
Event: 31.915 GC heap before
{Heap before GC invocations=97 (full 0):
 garbage-first heap   total 276480K, used 258384K [0x00000000d1200000, 0x0000000100000000)
  region size 1024K, 13 young (13312K), 2 survivors (2048K)
 Metaspace       used 254461K, capacity 263582K, committed 264508K, reserved 1280000K
  class space    used 30720K, capacity 34181K, committed 34400K, reserved 1048576K
}
Event: 31.922 GC heap after
{Heap after GC invocations=98 (full 0):
 garbage-first heap   total 276480K, used 247173K [0x00000000d1200000, 0x0000000100000000)
  region size 1024K, 2 young (2048K), 2 survivors (2048K)
 Metaspace       used 254461K, capacity 263582K, committed 264508K, reserved 1280000K
  class space    used 30720K, capacity 34181K, committed 34400K, reserved 1048576K
}
Event: 32.012 GC heap before
{Heap before GC invocations=98 (full 0):
 garbage-first heap   total 276480K, used 258437K [0x00000000d1200000, 0x0000000100000000)
  region size 1024K, 13 young (13312K), 2 survivors (2048K)
 Metaspace       used 254464K, capacity 263582K, committed 264508K, reserved 1280000K
  class space    used 30720K, capacity 34181K, committed 34400K, reserved 1048576K
}
Event: 32.016 GC heap after
{Heap after GC invocations=99 (full 0):
 garbage-first heap   total 276480K, used 247548K [0x00000000d1200000, 0x0000000100000000)
  region size 1024K, 2 young (2048K), 2 survivors (2048K)
 Metaspace       used 254464K, capacity 263582K, committed 264508K, reserved 1280000K
  class space    used 30720K, capacity 34181K, committed 34400K, reserved 1048576K
}
Event: 32.097 GC heap before
{Heap before GC invocations=100 (full 0):
 garbage-first heap   total 276480K, used 258812K [0x00000000d1200000, 0x0000000100000000)
  region size 1024K, 13 young (13312K), 2 survivors (2048K)
 Metaspace       used 254464K, capacity 263582K, committed 264508K, reserved 1280000K
  class space    used 30720K, capacity 34181K, committed 34400K, reserved 1048576K
}
Event: 32.102 GC heap after
{Heap after GC invocations=101 (full 0):
 garbage-first heap   total 276480K, used 247605K [0x00000000d1200000, 0x0000000100000000)
  region size 1024K, 1 young (1024K), 1 survivors (1024K)
 Metaspace       used 254464K, capacity 263582K, committed 264508K, reserved 1280000K
  class space    used 30720K, capacity 34181K, committed 34400K, reserved 1048576K
}
Event: 32.172 GC heap before
{Heap before GC invocations=101 (full 0):
 garbage-first heap   total 276480K, used 259893K [0x00000000d1200000, 0x0000000100000000)
  region size 1024K, 13 young (13312K), 1 survivors (1024K)
 Metaspace       used 254464K, capacity 263582K, committed 264508K, reserved 1280000K
  class space    used 30720K, capacity 34181K, committed 34400K, reserved 1048576K
}
Event: 32.196 GC heap after
{Heap after GC invocations=102 (full 0):
 garbage-first heap   total 276480K, used 244604K [0x00000000d1200000, 0x0000000100000000)
  region size 1024K, 2 young (2048K), 2 survivors (2048K)
 Metaspace       used 254464K, capacity 263582K, committed 264508K, reserved 1280000K
  class space    used 30720K, capacity 34181K, committed 34400K, reserved 1048576K
}
Event: 32.253 GC heap before
{Heap before GC invocations=102 (full 0):
 garbage-first heap   total 276480K, used 255868K [0x00000000d1200000, 0x0000000100000000)
  region size 1024K, 13 young (13312K), 2 survivors (2048K)
 Metaspace       used 254465K, capacity 263582K, committed 264508K, reserved 1280000K
  class space    used 30720K, capacity 34181K, committed 34400K, reserved 1048576K
}
Event: 32.262 GC heap after
{Heap after GC invocations=103 (full 0):
 garbage-first heap   total 276480K, used 245808K [0x00000000d1200000, 0x0000000100000000)
  region size 1024K, 2 young (2048K), 2 survivors (2048K)
 Metaspace       used 254465K, capacity 263582K, committed 264508K, reserved 1280000K
  class space    used 30720K, capacity 34181K, committed 34400K, reserved 1048576K
}
Event: 32.315 GC heap before
{Heap before GC invocations=103 (full 0):
 garbage-first heap   total 276480K, used 257072K [0x00000000d1200000, 0x0000000100000000)
  region size 1024K, 13 young (13312K), 2 survivors (2048K)
 Metaspace       used 254467K, capacity 263582K, committed 264508K, reserved 1280000K
  class space    used 30720K, capacity 34181K, committed 34400K, reserved 1048576K
}
Event: 32.318 GC heap after
{Heap after GC invocations=104 (full 0):
 garbage-first heap   total 276480K, used 246256K [0x00000000d1200000, 0x0000000100000000)
  region size 1024K, 2 young (2048K), 2 survivors (2048K)
 Metaspace       used 254467K, capacity 263582K, committed 264508K, reserved 1280000K
  class space    used 30720K, capacity 34181K, committed 34400K, reserved 1048576K
}

